<?xml version="1.0" encoding="UTF-8"?>
<!-- Generated by org.testng.reporters.JUnitReportReporter -->
<testsuite hostname="DESKTOP-G1DFHA8" failures="0" tests="1" name="Test.calculator" time="21.857" errors="0" timestamp="2023-04-08T15:01:42 IST" skipped="0">
  <testcase classname="Test.calculator" name="calculations" time="21.857"/>
  <system-out/>
</testsuite> <!-- Test.calculator -->
