<?xml version="1.0" encoding="UTF-8"?>
<!-- Generated by org.testng.reporters.JUnitReportReporter -->
<testsuite hostname="DESKTOP-G1DFHA8" failures="0" tests="1" name="Test.Baseclass" time="23.499" errors="0" timestamp="2023-04-08T14:53:53 IST" skipped="0">
  <testcase classname="Test.Baseclass" name="calculations" time="23.499"/>
  <system-out/>
</testsuite> <!-- Test.Baseclass -->
